<?xml version="1.0" encoding="utf-8"?><testsuites name="pytest tests"><testsuite name="pytest" errors="0" failures="0" skipped="0" tests="11" time="1.421" timestamp="2026-09-16T05:56:27.643872+00:00" hostname="agent-env-1de4c088-21f7-4e62-8ae2-0de628d84e38"><testcase classname="tests.test_inventory_market.TestMarket" name="test_get_indicators_shape" time="0.176" /><testcase classname="tests.test_inventory_market.TestMarket" name="test_live_fields_shape" time="0.186" /><testcase classname="tests.test_inventory_market.TestMarket" name="test_put_config_persists" time="0.434" /><testcase classname="tests.test_inventory_market.TestInventory" name="test_stats_baseline" time="0.043" /><testcase classname="tests.test_inventory_market.TestInventory" name="test_create_in_stock" time="0.043" /><testcase classname="tests.test_inventory_market.TestInventory" name="test_create_out" time="0.043" /><testcase classname="tests.test_inventory_market.TestInventory" name="test_list_and_search" time="0.086" /><testcase classname="tests.test_inventory_market.TestInventory" name="test_stats_after_create" time="0.043" /><testcase classname="tests.test_inventory_market.TestInventory" name="test_update_flips_to_out" time="0.087" /><testcase classname="tests.test_inventory_market.TestInventory" name="test_update_404" time="0.043" /><testcase classname="tests.test_inventory_market.TestInventory" name="test_delete_and_404" time="0.170" /></testsuite></testsuites>