<?xml version="1.0" encoding="utf-8"?><testsuites name="pytest tests"><testsuite name="pytest" errors="0" failures="0" skipped="0" tests="11" time="1.936" timestamp="2026-09-13T20:04:34.252702+00:00" hostname="agent-env-1de4c088-21f7-4e62-8ae2-0de628d84e38"><testcase classname="tests.test_budget_calendar.TestBudgetCRUD" name="test_create_budget_personal" time="0.362" /><testcase classname="tests.test_budget_calendar.TestBudgetCRUD" name="test_create_budget_business" time="0.071" /><testcase classname="tests.test_budget_calendar.TestBudgetCRUD" name="test_list_budgets_scope_personal" time="0.073" /><testcase classname="tests.test_budget_calendar.TestBudgetCRUD" name="test_list_budgets_scope_business_filters" time="0.078" /><testcase classname="tests.test_budget_calendar.TestBudgetCRUD" name="test_update_budget" time="0.142" /><testcase classname="tests.test_budget_calendar.TestBudgetCRUD" name="test_update_budget_404" time="0.071" /><testcase classname="tests.test_budget_calendar.TestBudgetOverview" name="test_overview_shape" time="0.073" /><testcase classname="tests.test_budget_calendar.TestBudgetOverview" name="test_overview_spent_reflects_expense" time="0.277" /><testcase classname="tests.test_budget_calendar.TestCalendar" name="test_calendar_shape" time="0.073" /><testcase classname="tests.test_budget_calendar.TestCalendar" name="test_calendar_scope_filter" time="0.211" /><testcase classname="tests.test_budget_calendar.TestZCleanup" name="test_cleanup" time="0.431" /></testsuite></testsuites>